make all --print-data-base --no-builtin-variables --no-builtin-rules --question
# GNU Make 3.81
# Copyright (C) 2006  Free Software Foundation, Inc.
# This is free software; see the source for copying conditions.
# There is NO warranty; not even for MERCHANTABILITY or FITNESS FOR A
# PARTICULAR PURPOSE.

# This program built for i386-apple-darwin11.3.0
 

# Make data base, printed on Thu Jun 30 20:38:38 2022

# Variables

# automatic
<D = $(patsubst %/,%,$(dir $<))
# automatic
?F = $(notdir $?)
# makefile (from `Makefile', line 14)
OBJ = ./build
# makefile (from `Makefile', line 15)
SRC = ./src
# environment
VSCODE_LOG_NATIVE = false
# automatic
?D = $(patsubst %/,%,$(dir $?))
# automatic
@D = $(patsubst %/,%,$(dir $@))
# automatic
@F = $(notdir $@)
# makefile
CURDIR := /Users/ablakely/Projects/macfand
# makefile
SHELL = /bin/sh
# environment
VSCODE_NLS_CONFIG = {"locale":"en-us","availableLanguages":{},"_languagePackSupport":true}
# environment
_ = /usr/bin/make
# makefile (from `Makefile', line 13)
CFLAGS = -g3 -std=gnu99 -c -Iinclude -lconfig -lm
# makefile (from `Makefile', line 1)
MAKEFILE_LIST :=  Makefile
# makefile (from `Makefile', line 9)
VERSION = 1.1.0b
# environment
VSCODE_VERBOSE_LOGGING = true
# environment
__CFBundleIdentifier = com.microsoft.VSCode
# environment
VSCODE_IPC_HOOK_EXTHOST = /var/folders/zk/01kxl7_j4wx05lz0yzmbngsr0000gn/T/vscode-ipc-504890e1-6657-4d8d-b79b-7258c1ad0585.sock
# environment
VSCODE_CWD = /
# environment
PATH = /usr/local/bin:/usr/bin:/bin:/usr/sbin:/sbin:/Library/Apple/usr/bin
# environment
VSCODE_LOG_STACK = false
# environment
ELECTRON_RUN_AS_NODE = 1
# default
.FEATURES := target-specific order-only second-expansion else-if archives jobserver check-symlink
# environment
SSH_AUTH_SOCK = /private/tmp/com.apple.launchd.BPpyVkAQHt/Listeners
# automatic
%F = $(notdir $%)
# environment
VSCODE_PIPE_LOGGING = true
# environment
PWD = /Users/ablakely/Projects/macfand
# environment
ORIGINAL_XDG_CURRENT_DESKTOP = undefined
# environment
VSCODE_AMD_ENTRYPOINT = vs/workbench/api/node/extensionHostProcess
# environment
HOME = /Users/ablakely
# default
MAKEFILEPATH = $(shell /usr/bin/xcode-select -print-path 2>/dev/null || echo /Developer)/Makefiles
# environment
VSCODE_CODE_CACHE_PATH = /Users/ablakely/Library/Application Support/Code/CachedData/30d9c6cd9483b2cc586687151bcbcd635f373630
# environment
LOGNAME = ablakely
# environment
APPLICATION_INSIGHTS_NO_DIAGNOSTIC_CHANNEL = true
# makefile (from `Makefile', line 10)
PREFIX = /usr/local
# environment
VSCODE_HANDLES_UNCAUGHT_ERRORS = true
# automatic
^D = $(patsubst %/,%,$(dir $^))
# environment
XPC_FLAGS = 0x0
# default
MAKE = $(MAKE_COMMAND)
# default
MAKECMDGOALS := all
# environment
SHLVL = 1
# makefile (from `Makefile', line 18)
ETC_DIR = /etc
# makefile (from `Makefile', line 12)
CC = gcc
# makefile (from `Makefile', line 16)
EXEC = macfand
# default
MAKE_VERSION := 3.81
# environment
USER = ablakely
# makefile
.DEFAULT_GOAL := all
# automatic
%D = $(patsubst %/,%,$(dir $%))
# default
MAKE_COMMAND := /Library/Developer/CommandLineTools/usr/bin/make
# default
.VARIABLES := 
# environment
TMPDIR = /var/folders/zk/01kxl7_j4wx05lz0yzmbngsr0000gn/T/
# automatic
*F = $(notdir $*)
# environment
VSCODE_IPC_HOOK = /Users/ablakely/Library/Application Support/Code/1.68.1-main.sock
# makefile
MAKEFLAGS = Rrqp
# environment
MFLAGS = -Rrqp
# automatic
*D = $(patsubst %/,%,$(dir $*))
# environment
XPC_SERVICE_NAME = application.com.microsoft.VSCode.34283545.34283551
# automatic
+D = $(patsubst %/,%,$(dir $+))
# makefile (from `Makefile', line 11)
MANPREFIX = $(PREFIX)/share/man
# automatic
+F = $(notdir $+)
# makefile (from `Makefile', line 17)
BINFLAGS = -g -lconfig -lm
# environment
__CF_USER_TEXT_ENCODING = 0x1F5:0x0:0x0
# environment
COMMAND_MODE = unix2003
# default
MAKEFILES := 
# automatic
<F = $(notdir $<)
# environment
LC_ALL = C
# automatic
^F = $(notdir $^)
# default
SUFFIXES := 
# default
.INCLUDE_DIRS = /usr/local/include
# environment
MAKELEVEL := 0
# environment
LANG = C
# environment
VSCODE_PID = 29279
# variable set hash-table stats:
# Load=72/1024=7%, Rehash=0, Collisions=2/96=2%

# Pattern-specific Variable Values

# No pattern-specific variable values.

# Directories

# . (device 922746883, inode 1): 22 files, no impossibilities.

# 22 files, no impossibilities in 1 directories.

# Implicit Rules

# No implicit rules.

# Files

all: macfand
#  Command-line target.
#  Implicit rule search has been done.
#  File does not exist.
#  File has been updated.
#  Successfully updated.
# variable set hash-table stats:
# Load=0/32=0%, Rehash=0, Collisions=0/0=0%

.PHONY: clean install uninstall
#  Implicit rule search has not been done.
#  Modification time never checked.
#  File has not been updated.

macfand:
#  Implicit rule search has not been done.
#  Last modified 2022-06-30 20:33:51
#  File has been updated.
#  Successfully updated.
#  commands to execute (from `Makefile', line 22):
	@rm -rf $(OBJ) && mkdir $(OBJ)
	$(CC) $(CFLAGS)  $(SRC)/config.c -o $(OBJ)/config.o 
	$(CC) $(CFLAGS)  $(SRC)/control.c -o $(OBJ)/control.o
	$(CC) $(CFLAGS)  $(SRC)/macfan.c -o $(OBJ)/macfan.o
	$(CC) -o $(EXEC) $(OBJ)/*.o $(BINFLAGS)
	@echo "Build complete"
	

# Not a target:
.SUFFIXES:
#  Implicit rule search has not been done.
#  Modification time never checked.
#  File has not been updated.

uninstall:
#  Phony target (prerequisite of .PHONY).
#  Implicit rule search has not been done.
#  File does not exist.
#  File has not been updated.
#  commands to execute (from `Makefile', line 58):
	rm -f $(DESTDIR)$(PREFIX)/macfand
	$(ETC_DIR)/macfan.conf
	

# Not a target:
Makefile:
#  Implicit rule search has been done.
#  Last modified 2022-06-30 20:00:53
#  File has been updated.
#  Successfully updated.
# variable set hash-table stats:
# Load=0/32=0%, Rehash=0, Collisions=0/0=0%

dev:
#  Implicit rule search has not been done.
#  Modification time never checked.
#  File has not been updated.
#  commands to execute (from `Makefile', line 30):
	@rm -rf $(OBJ) && mkdir $(OBJ)
	$(CC) $(CFLAGS) $(SRC)/conf.c     -o $(OBJ)/config.o
	$(CC) $(CFLAGS) $(SRC)/ctrl.c     -o $(OBJ)/control.o
	$(CC) $(CFLAGS) $(SRC)/macfand.c  -o $(OBJ)/macfan.o
	$(CC) $(CFLAGS) $(SRC)/util.c     -o $(OBJ)/util.o
	$(CC) $(CFLAGS) $(SRC)/applesmc.c -o $(OBJ)/applesmc.o
	$(CC) -o $(EXEC) $(OBJ)/*.o $(BINFLAGS)
	

# Not a target:
.DEFAULT:
#  Implicit rule search has not been done.
#  Modification time never checked.
#  File has not been updated.

clean:
#  Phony target (prerequisite of .PHONY).
#  Implicit rule search has not been done.
#  File does not exist.
#  File has not been updated.
#  commands to execute (from `Makefile', line 40):
	rm -rf build macfand
	

install:
#  Phony target (prerequisite of .PHONY).
#  Implicit rule search has not been done.
#  File does not exist.
#  File has not been updated.
#  commands to execute (from `Makefile', line 43):
	mkdir -p $(DESTDIR)$(PREFIX)/bin
	cp macfand $(DESTDIR)$($PREFIX)/bin/
	chmod 755 $(DESTDIR)$(PREFIX)/bin/macfand
	mkdir -p $(DESTDIR)$(MANPREFIX)/man1
	sed "s/MFDVERSION/$(VERSION)/g" < macfand.1 > $(DESTDIR)($MANPREFIX)/man1/macfand.1
	chmod 644 $(DESTDIR)($MANPREFIX)/man1/macfand.1
	cp macfand.conf $(ETC_DIR)
	@echo "Done!"
	@echo " "
	@echo "Be sure to enable macfand with systemd. This can be done with:"
	@echo "   sudo systemctl enable --now macfand"
	

# files hash-table stats:
# Load=10/1024=1%, Rehash=0, Collisions=2/27=7%
# VPATH Search Paths

# No `vpath' search paths.

# No general (`VPATH' variable) search path.

# # of strings in strcache: 1
# # of strcache buffers: 1
# strcache size: total = 4096 / max = 4096 / min = 4096 / avg = 4096
# strcache free: total = 4087 / max = 4087 / min = 4087 / avg = 4087

# Finished Make data base on Thu Jun 30 20:38:38 2022

 
